<?xml version="1.0" encoding="UTF-8"?>
<testng-results ignored="0" total="4" passed="3" failed="1" skipped="0">
  <reporter-output>
  </reporter-output>
  <suite started-at="2025-04-25T20:55:33 IST" name="Suite" finished-at="2025-04-25T20:55:48 IST" duration-ms="14670">
    <groups>
    </groups>
    <test started-at="2025-04-25T20:55:33 IST" name="Test" finished-at="2025-04-25T20:55:48 IST" duration-ms="14670">
      <class name="testScript.LoginTest">
        <test-method is-config="true" signature="initialiseBrowser()[pri:0, instance:testScript.LoginTest@18df8434]" started-at="2025-04-25T20:55:33 IST" name="initialiseBrowser" finished-at="2025-04-25T20:55:37 IST" duration-ms="3746" status="PASS">
          <reporter-output>
          </reporter-output>
        </test-method> <!-- initialiseBrowser -->
        <test-method signature="verifyUserLoginwithValidCredentials()[pri:1, instance:testScript.LoginTest@18df8434]" started-at="2025-04-25T20:55:37 IST" name="verifyUserLoginwithValidCredentials" description="verifying whether the user is able to successfully login with valid credentials" finished-at="2025-04-25T20:55:39 IST" duration-ms="2532" status="PASS">
          <reporter-output>
          </reporter-output>
        </test-method> <!-- verifyUserLoginwithValidCredentials -->
        <test-method is-config="true" signature="driverCloseandQuit()[pri:0, instance:testScript.LoginTest@18df8434]" started-at="2025-04-25T20:55:39 IST" name="driverCloseandQuit" finished-at="2025-04-25T20:55:39 IST" duration-ms="1" status="PASS">
          <reporter-output>
          </reporter-output>
        </test-method> <!-- driverCloseandQuit -->
        <test-method is-config="true" signature="initialiseBrowser()[pri:0, instance:testScript.LoginTest@18df8434]" started-at="2025-04-25T20:55:39 IST" name="initialiseBrowser" finished-at="2025-04-25T20:55:41 IST" duration-ms="1705" status="PASS">
          <reporter-output>
          </reporter-output>
        </test-method> <!-- initialiseBrowser -->
        <test-method signature="verifyUserLOginwithInvalidUsername()[pri:2, instance:testScript.LoginTest@18df8434]" started-at="2025-04-25T20:55:41 IST" name="verifyUserLOginwithInvalidUsername" finished-at="2025-04-25T20:55:42 IST" duration-ms="534" status="FAIL">
          <exception class="java.lang.AssertionError">
            <message>
              <![CDATA[User was able to Login with Invalid Username expected [SWAGLABS] but found []]]>
            </message>
            <full-stacktrace>
              <![CDATA[java.lang.AssertionError: User was able to Login with Invalid Username expected [SWAGLABS] but found []
at org.testng.Assert.fail(Assert.java:111)
at org.testng.Assert.failNotEquals(Assert.java:1578)
at org.testng.Assert.assertEqualsImpl(Assert.java:150)
at org.testng.Assert.assertEquals(Assert.java:132)
at org.testng.Assert.assertEquals(Assert.java:656)
at testScript.LoginTest.verifyUserLOginwithInvalidUsername(LoginTest.java:37)
at java.base/jdk.internal.reflect.NativeMethodAccessorImpl.invoke0(Native Method)
at java.base/jdk.internal.reflect.NativeMethodAccessorImpl.invoke(NativeMethodAccessorImpl.java:77)
at java.base/jdk.internal.reflect.DelegatingMethodAccessorImpl.invoke(DelegatingMethodAccessorImpl.java:43)
at java.base/java.lang.reflect.Method.invoke(Method.java:568)
at org.testng.internal.invokers.MethodInvocationHelper.invokeMethod(MethodInvocationHelper.java:141)
at org.testng.internal.invokers.TestInvoker.invokeMethod(TestInvoker.java:686)
at org.testng.internal.invokers.TestInvoker.invokeTestMethod(TestInvoker.java:230)
at org.testng.internal.invokers.MethodRunner.runInSequence(MethodRunner.java:63)
at org.testng.internal.invokers.TestInvoker$MethodInvocationAgent.invoke(TestInvoker.java:992)
at org.testng.internal.invokers.TestInvoker.invokeTestMethods(TestInvoker.java:203)
at org.testng.internal.invokers.TestMethodWorker.invokeTestMethods(TestMethodWorker.java:154)
at org.testng.internal.invokers.TestMethodWorker.run(TestMethodWorker.java:134)
at java.base/java.util.ArrayList.forEach(ArrayList.java:1511)
at org.testng.TestRunner.privateRun(TestRunner.java:739)
at org.testng.TestRunner.run(TestRunner.java:614)
at org.testng.SuiteRunner.runTest(SuiteRunner.java:421)
at org.testng.SuiteRunner.runSequentially(SuiteRunner.java:413)
at org.testng.SuiteRunner.privateRun(SuiteRunner.java:373)
at org.testng.SuiteRunner.run(SuiteRunner.java:312)
at org.testng.SuiteRunnerWorker.runSuite(SuiteRunnerWorker.java:52)
at org.testng.SuiteRunnerWorker.run(SuiteRunnerWorker.java:95)
at org.testng.TestNG.runSuitesSequentially(TestNG.java:1274)
at org.testng.TestNG.runSuitesLocally(TestNG.java:1208)
at org.testng.TestNG.runSuites(TestNG.java:1112)
at org.testng.TestNG.run(TestNG.java:1079)
at org.testng.remote.AbstractRemoteTestNG.run(AbstractRemoteTestNG.java:115)
at org.testng.remote.RemoteTestNG.initAndRun(RemoteTestNG.java:293)
at org.testng.remote.RemoteTestNG.main(RemoteTestNG.java:91)
]]>
            </full-stacktrace>
          </exception> <!-- java.lang.AssertionError -->
          <reporter-output>
          </reporter-output>
        </test-method> <!-- verifyUserLOginwithInvalidUsername -->
        <test-method is-config="true" signature="driverCloseandQuit()[pri:0, instance:testScript.LoginTest@18df8434]" started-at="2025-04-25T20:55:42 IST" name="driverCloseandQuit" finished-at="2025-04-25T20:55:42 IST" duration-ms="0" status="PASS">
          <reporter-output>
          </reporter-output>
        </test-method> <!-- driverCloseandQuit -->
        <test-method is-config="true" signature="initialiseBrowser()[pri:0, instance:testScript.LoginTest@18df8434]" started-at="2025-04-25T20:55:42 IST" name="initialiseBrowser" finished-at="2025-04-25T20:55:44 IST" duration-ms="2108" status="PASS">
          <reporter-output>
          </reporter-output>
        </test-method> <!-- initialiseBrowser -->
        <test-method signature="verifyUserLOginwithInvalidPassword()[pri:3, instance:testScript.LoginTest@18df8434]" started-at="2025-04-25T20:55:44 IST" name="verifyUserLOginwithInvalidPassword" finished-at="2025-04-25T20:55:44 IST" duration-ms="617" status="PASS">
          <reporter-output>
          </reporter-output>
        </test-method> <!-- verifyUserLOginwithInvalidPassword -->
        <test-method is-config="true" signature="driverCloseandQuit()[pri:0, instance:testScript.LoginTest@18df8434]" started-at="2025-04-25T20:55:44 IST" name="driverCloseandQuit" finished-at="2025-04-25T20:55:44 IST" duration-ms="1" status="PASS">
          <reporter-output>
          </reporter-output>
        </test-method> <!-- driverCloseandQuit -->
        <test-method is-config="true" signature="initialiseBrowser()[pri:0, instance:testScript.LoginTest@18df8434]" started-at="2025-04-25T20:55:44 IST" name="initialiseBrowser" finished-at="2025-04-25T20:55:47 IST" duration-ms="2549" status="PASS">
          <reporter-output>
          </reporter-output>
        </test-method> <!-- initialiseBrowser -->
        <test-method signature="verifyUserLoginwithInvalidCredentials()[pri:4, instance:testScript.LoginTest@18df8434]" started-at="2025-04-25T20:55:47 IST" name="verifyUserLoginwithInvalidCredentials" finished-at="2025-04-25T20:55:48 IST" duration-ms="762" status="PASS">
          <reporter-output>
          </reporter-output>
        </test-method> <!-- verifyUserLoginwithInvalidCredentials -->
        <test-method is-config="true" signature="driverCloseandQuit()[pri:0, instance:testScript.LoginTest@18df8434]" started-at="2025-04-25T20:55:48 IST" name="driverCloseandQuit" finished-at="2025-04-25T20:55:48 IST" duration-ms="0" status="PASS">
          <reporter-output>
          </reporter-output>
        </test-method> <!-- driverCloseandQuit -->
      </class> <!-- testScript.LoginTest -->
    </test> <!-- Test -->
  </suite> <!-- Suite -->
</testng-results>
